<p:declare-step name="test-pipeline"
            xmlns:p="http://www.w3.org/ns/xproc"
            xmlns:t="http://xproc.org/ns/testsuite"
            xmlns:c="http://www.w3.org/ns/xproc-step"
            xmlns:ext="http://xproc.net/xproc/ext">

<p:input port="source" primary="true"/>

<p:input port="input-port" primary="false" select="/t:test/t:input[@port='source']/*">
    <p:pipe step="test-pipeline" port="stdin"/>
</p:input>
<p:input port="output-port" primary="false" select="/t:test/t:output[@port='result']/*">
    <p:pipe step="test-pipeline" port="stdin"/>
</p:input>
<p:input port="pipeline-port" primary="false" select="/t:test/t:pipeline/*">
    <p:pipe step="test-pipeline" port="stdin"/>
</p:input>

<p:output port="result" primary="true"/>


<ext:xproc name="test">
    <p:input port="source">
        <p:pipe step="test-pipeline" port="input-port"/>
    </p:input>
    <p:input port="pipeline">
        <p:pipe step="test-pipeline" port="pipeline-port"/>
    </p:input>
</ext:xproc>

<p:compare>
    <p:input port="source">
        <p:pipe port="result" step="test"/>
    </p:input>
    <p:input port="alternate">
        <p:pipe port="output-port" step="test-pipeline"/>
    </p:input>
</p:compare>

</p:declare-step>
