<p:declare-step xmlns:c="http://www.w3.org/ns/xproc-step" xmlns:ext="http://xproc.net/xproc/ext" xmlns:t="http://xproc.org/ns/testsuite" xmlns:p="http://www.w3.org/ns/xproc" name="test-pipeline">
    <p:input port="source" primary="true"/>
    <p:input port="input" primary="false" select="//t:input[@port='source']/*">
        <p:pipe step="test-pipeline" port="stdin"/>
    </p:input>
    <p:input port="pipeline" primary="false" select="//t:pipeline/*">
        <p:pipe step="test-pipeline" port="stdin"/>
    </p:input>
    <p:input port="output" primary="false" select="//t:output[@port='result']/*">
        <p:pipe step="test-pipeline" port="stdin"/>
    </p:input>
    <p:output port="result" primary="true"/>
    <ext:xproc name="test">
        <p:input port="source">
            <p:pipe step="test-pipeline" port="input"/>
        </p:input>
        <p:input port="pipeline">
            <p:pipe step="test-pipeline" port="pipeline"/>
        </p:input>
        <p:with-option name="dflag" select="'0'"/>
    </ext:xproc> 
    <p:compare>
        <p:input port="source">
            <p:pipe port="result" step="test"/>
        </p:input>
        <p:input port="alternate">
            <p:pipe port="output" step="test-pipeline"/>
        </p:input>
        <p:with-option name="xproc:strict" select="'0'"/>
    </p:compare>
</p:declare-step>