<doc>
	<a xmlns="http://example.org">text</a>
</doc>